2021-05-16 19:30:47,229: {'fold_num': 5, 'seed': 6, 'model_arch': 'efficientnetv2_rw_s', 'img_size_h': 256, 'img_size_w': 256, 'epochs': 10, 'min_epoch': 5, 'patience': 7, 'train_bs': 256, 'valid_bs': 256, 'T_0': 10, 'lr': 0.0003, 'min_lr': 3e-06, 'weight_decay': 0.0001, 'num_workers': 4, 'verbose_step': 1, 'device': 'cuda:0', 'transform_way': 'center', 'tta': 2, 'used_epochs': [8, 9], 'weights': [1, 1]}
2021-05-16 19:30:47,955: Training with fold 0 started (train:140713, val:35176)
2021-05-16 19:34:03,172: {'fold_num': 5, 'seed': 6, 'model_arch': 'efficientnetv2_rw_s', 'img_size_h': 256, 'img_size_w': 256, 'epochs': 10, 'min_epoch': 5, 'patience': 7, 'train_bs': 128, 'valid_bs': 128, 'T_0': 10, 'lr': 0.0003, 'min_lr': 3e-06, 'weight_decay': 0.0001, 'num_workers': 4, 'verbose_step': 1, 'device': 'cuda:0', 'transform_way': 'center', 'tta': 2, 'used_epochs': [8, 9], 'weights': [1, 1]}
2021-05-16 19:34:03,880: Training with fold 0 started (train:140713, val:35176)
2021-05-16 19:34:58,494: {'fold_num': 5, 'seed': 6, 'model_arch': 'efficientnetv2_rw_s', 'img_size_h': 256, 'img_size_w': 256, 'epochs': 10, 'min_epoch': 5, 'patience': 7, 'train_bs': 128, 'valid_bs': 128, 'T_0': 10, 'lr': 0.0003, 'min_lr': 3e-06, 'weight_decay': 0.0001, 'num_workers': 4, 'verbose_step': 1, 'device': 'cuda:0', 'transform_way': 'center', 'tta': 2, 'used_epochs': [8, 9], 'weights': [1, 1]}
2021-05-16 19:34:59,171: Training with fold 0 started (train:140713, val:35176)
2021-05-16 19:47:19,186: epoch : 0, loss_val : 0.2714, accuracy_val = 0.8933
2021-05-16 19:56:29,629: epoch : 1, loss_val : 0.2566, accuracy_val = 0.8907
2021-05-16 20:05:38,236: epoch : 2, loss_val : 0.2377, accuracy_val = 0.8985
2021-05-16 20:14:46,767: epoch : 3, loss_val : 0.2521, accuracy_val = 0.8977
2021-05-16 20:23:46,239: epoch : 4, loss_val : 0.2608, accuracy_val = 0.8949
2021-05-16 20:32:50,447: epoch : 5, loss_val : 0.2567, accuracy_val = 0.8945
2021-05-16 20:41:55,010: epoch : 6, loss_val : 0.2624, accuracy_val = 0.8945
2021-05-16 20:50:59,989: epoch : 7, loss_val : 0.2487, accuracy_val = 0.9017
2021-05-16 21:00:05,558: epoch : 8, loss_val : 0.2652, accuracy_val = 0.8971
2021-05-16 21:09:09,455: epoch : 9, loss_val : 0.2619, accuracy_val = 0.8989
2021-05-16 21:09:09,924: 

2021-05-16 21:09:09,927: Training with fold 1 started (train:140713, val:35176)
2021-05-16 21:17:59,789: epoch : 0, loss_val : 0.3148, accuracy_val = 0.8638
2021-05-16 21:26:48,619: epoch : 1, loss_val : 0.2985, accuracy_val = 0.8754
2021-05-16 21:35:37,983: epoch : 2, loss_val : 0.3150, accuracy_val = 0.8687
2021-05-16 21:44:33,722: epoch : 3, loss_val : 0.2908, accuracy_val = 0.8829
2021-05-16 21:53:25,779: epoch : 4, loss_val : 0.2713, accuracy_val = 0.8867
2021-05-16 22:02:15,190: epoch : 5, loss_val : 0.2843, accuracy_val = 0.8861
2021-05-16 22:11:04,208: epoch : 6, loss_val : 0.2956, accuracy_val = 0.8791
2021-05-16 22:19:53,454: epoch : 7, loss_val : 0.2861, accuracy_val = 0.8847
2021-05-16 22:28:48,807: epoch : 8, loss_val : 0.2923, accuracy_val = 0.8868
2021-05-16 22:37:39,017: epoch : 9, loss_val : 0.2981, accuracy_val = 0.8877
2021-05-16 22:37:39,514: 

2021-05-16 22:37:39,516: Training with fold 2 started (train:140679, val:35210)
2021-05-16 22:46:34,058: epoch : 0, loss_val : 0.2505, accuracy_val = 0.8972
2021-05-16 22:55:23,163: epoch : 1, loss_val : 0.2456, accuracy_val = 0.8983
2021-05-16 23:04:13,002: epoch : 2, loss_val : 0.2645, accuracy_val = 0.8971
2021-05-16 23:13:11,155: epoch : 3, loss_val : 0.2719, accuracy_val = 0.8935
2021-05-16 23:22:00,631: epoch : 4, loss_val : 0.2568, accuracy_val = 0.8912
2021-05-16 23:30:50,179: epoch : 5, loss_val : 0.2416, accuracy_val = 0.8990
2021-05-16 23:39:39,247: epoch : 6, loss_val : 0.3010, accuracy_val = 0.8856
2021-05-16 23:48:28,659: epoch : 7, loss_val : 0.2869, accuracy_val = 0.8939
2021-05-16 23:57:34,326: epoch : 8, loss_val : 0.2751, accuracy_val = 0.8913
2021-05-17 00:06:24,667: epoch : 9, loss_val : 0.2873, accuracy_val = 0.8898
2021-05-17 00:06:25,185: 

2021-05-17 00:06:25,187: Training with fold 3 started (train:140715, val:35174)
2021-05-17 00:38:43,855: {'fold_num': 5, 'seed': 6, 'model_arch': 'efficientnetv2_rw_s', 'img_size_h': 256, 'img_size_w': 256, 'epochs': 10, 'min_epoch': 5, 'patience': 7, 'train_bs': 128, 'valid_bs': 128, 'T_0': 10, 'lr': 5e-05, 'min_lr': 1e-06, 'weight_decay': 0.0001, 'num_workers': 4, 'verbose_step': 1, 'device': 'cuda:0', 'transform_way': 'center', 'tta': 2, 'used_epochs': [8, 9], 'weights': [1, 1]}
2021-05-17 00:38:44,614: Training with fold 0 started (train:140713, val:35176)
2021-05-17 00:51:43,611: epoch : 0, loss_val : 0.2921, accuracy_val = 0.8810
2021-05-17 01:00:49,865: epoch : 1, loss_val : 0.2764, accuracy_val = 0.8813
2021-05-17 01:10:01,706: epoch : 2, loss_val : 0.2568, accuracy_val = 0.8923
2021-05-17 01:19:15,174: epoch : 3, loss_val : 0.2610, accuracy_val = 0.8885
2021-05-17 01:28:23,309: epoch : 4, loss_val : 0.2581, accuracy_val = 0.8956
2021-05-17 01:37:31,255: epoch : 5, loss_val : 0.2520, accuracy_val = 0.9000
2021-05-17 01:46:40,256: epoch : 6, loss_val : 0.2659, accuracy_val = 0.8945
2021-05-17 01:55:43,532: epoch : 7, loss_val : 0.2622, accuracy_val = 0.8960
2021-05-17 02:04:56,058: epoch : 8, loss_val : 0.2696, accuracy_val = 0.8931
2021-05-17 02:14:05,700: epoch : 9, loss_val : 0.2675, accuracy_val = 0.8958
2021-05-17 02:14:10,870: 

2021-05-17 02:14:10,873: Training with fold 1 started (train:140713, val:35176)
2021-05-17 02:23:11,228: epoch : 0, loss_val : 0.3277, accuracy_val = 0.8528
2021-05-17 02:32:53,477: epoch : 1, loss_val : 0.3083, accuracy_val = 0.8679
2021-05-17 02:42:02,661: epoch : 2, loss_val : 0.3065, accuracy_val = 0.8686
2021-05-17 02:51:15,500: epoch : 3, loss_val : 0.2973, accuracy_val = 0.8760
2021-05-17 03:00:27,414: epoch : 4, loss_val : 0.2898, accuracy_val = 0.8776
2021-05-17 03:09:40,675: epoch : 5, loss_val : 0.2888, accuracy_val = 0.8821
2021-05-17 03:18:49,923: epoch : 6, loss_val : 0.3072, accuracy_val = 0.8741
2021-05-17 03:28:04,530: epoch : 7, loss_val : 0.3028, accuracy_val = 0.8776
2021-05-17 03:37:15,383: epoch : 8, loss_val : 0.3067, accuracy_val = 0.8785
2021-05-17 03:46:24,987: epoch : 9, loss_val : 0.3114, accuracy_val = 0.8772
2021-05-17 03:46:26,232: 

2021-05-17 03:46:26,238: Training with fold 2 started (train:140679, val:35210)
2021-05-17 03:57:26,414: epoch : 0, loss_val : 0.2884, accuracy_val = 0.8827
2021-05-17 04:08:49,058: epoch : 1, loss_val : 0.2591, accuracy_val = 0.8934
2021-05-17 04:17:49,656: epoch : 2, loss_val : 0.2472, accuracy_val = 0.8986
2021-05-17 04:26:50,369: epoch : 3, loss_val : 0.2481, accuracy_val = 0.8983
2021-05-17 04:35:50,265: epoch : 4, loss_val : 0.2511, accuracy_val = 0.8989
2021-05-17 04:48:30,712: epoch : 5, loss_val : 0.2435, accuracy_val = 0.9003
2021-05-17 04:57:35,907: epoch : 6, loss_val : 0.2696, accuracy_val = 0.8921
2021-05-17 05:06:37,646: epoch : 7, loss_val : 0.2584, accuracy_val = 0.8962
2021-05-17 05:15:38,894: epoch : 8, loss_val : 0.2563, accuracy_val = 0.8968
2021-05-17 05:27:43,380: epoch : 9, loss_val : 0.2695, accuracy_val = 0.8929
2021-05-17 05:27:44,871: 

2021-05-17 05:27:44,873: Training with fold 3 started (train:140715, val:35174)
2021-05-17 05:37:08,521: epoch : 0, loss_val : 0.3362, accuracy_val = 0.8484
2021-05-17 05:46:08,968: epoch : 1, loss_val : 0.3116, accuracy_val = 0.8665
2021-05-17 05:55:08,245: epoch : 2, loss_val : 0.3009, accuracy_val = 0.8766
2021-05-17 06:04:07,574: epoch : 3, loss_val : 0.3443, accuracy_val = 0.8674
2021-05-17 06:15:43,119: epoch : 4, loss_val : 0.3758, accuracy_val = 0.8661
2021-05-17 06:24:43,147: epoch : 5, loss_val : 0.3216, accuracy_val = 0.8713
2021-05-17 06:33:44,713: epoch : 6, loss_val : 0.3691, accuracy_val = 0.8703
2021-05-17 06:42:44,451: epoch : 7, loss_val : 0.3446, accuracy_val = 0.8708
2021-05-17 06:52:26,679: epoch : 8, loss_val : 0.3813, accuracy_val = 0.8660
2021-05-17 07:01:25,403: epoch : 9, loss_val : 0.3865, accuracy_val = 0.8668
2021-05-17 07:01:25,888: 

2021-05-17 07:01:25,898: Training with fold 4 started (train:140736, val:35153)
2021-05-17 07:10:31,223: epoch : 0, loss_val : 0.3022, accuracy_val = 0.8765
2021-05-17 07:19:31,263: epoch : 1, loss_val : 0.2934, accuracy_val = 0.8774
2021-05-17 07:28:30,702: epoch : 2, loss_val : 0.2902, accuracy_val = 0.8766
2021-05-17 07:40:13,398: epoch : 3, loss_val : 0.2880, accuracy_val = 0.8804
2021-05-17 07:49:14,494: epoch : 4, loss_val : 0.2977, accuracy_val = 0.8807
2021-05-17 07:58:15,184: epoch : 5, loss_val : 0.3060, accuracy_val = 0.8756
2021-05-17 08:07:14,292: epoch : 6, loss_val : 0.2927, accuracy_val = 0.8804
2021-05-17 08:16:15,026: epoch : 7, loss_val : 0.3111, accuracy_val = 0.8810
2021-05-17 08:26:15,363: epoch : 8, loss_val : 0.3265, accuracy_val = 0.8795
2021-05-17 08:35:14,905: epoch : 9, loss_val : 0.3249, accuracy_val = 0.8783
2021-05-17 08:35:15,392: 

2021-05-17 08:35:16,279: {'fold_num': 5, 'seed': 6, 'model_arch': 'dm_nfnet_f0', 'img_size_h': 128, 'img_size_w': 128, 'epochs': 10, 'min_epoch': 5, 'patience': 7, 'train_bs': 256, 'valid_bs': 256, 'T_0': 10, 'lr': 5e-05, 'min_lr': 1e-06, 'weight_decay': 0.0001, 'num_workers': 4, 'verbose_step': 1, 'device': 'cuda:0', 'transform_way': 'center', 'tta': 2, 'used_epochs': [8, 9], 'weights': [1, 1]}
2021-05-17 08:35:18,397: Training with fold 0 started (train:140713, val:35176)
2021-05-17 08:41:42,358: epoch : 0, loss_val : 0.2421, accuracy_val = 0.8972
2021-05-17 08:47:53,679: epoch : 1, loss_val : 0.2511, accuracy_val = 0.8963
2021-05-17 08:54:04,867: epoch : 2, loss_val : 0.2543, accuracy_val = 0.8954
2021-05-17 09:00:31,596: epoch : 3, loss_val : 0.2414, accuracy_val = 0.9010
2021-05-17 09:06:43,549: epoch : 4, loss_val : 0.2580, accuracy_val = 0.8943
2021-05-17 09:12:55,713: epoch : 5, loss_val : 0.2945, accuracy_val = 0.8913
2021-05-17 09:19:06,890: epoch : 6, loss_val : 0.2757, accuracy_val = 0.8946
2021-05-17 09:25:19,034: epoch : 7, loss_val : 0.2929, accuracy_val = 0.8959
2021-05-17 09:31:31,182: epoch : 8, loss_val : 0.3135, accuracy_val = 0.8954
2021-05-17 09:37:42,501: epoch : 9, loss_val : 0.3313, accuracy_val = 0.8954
2021-05-17 09:37:42,971: 

2021-05-17 09:37:42,985: Training with fold 1 started (train:140713, val:35176)
2021-05-17 09:45:08,065: epoch : 0, loss_val : 0.3044, accuracy_val = 0.8688
2021-05-17 09:51:19,091: epoch : 1, loss_val : 0.3127, accuracy_val = 0.8690
2021-05-17 09:57:31,364: epoch : 2, loss_val : 0.3318, accuracy_val = 0.8623
2021-05-17 10:03:43,560: epoch : 3, loss_val : 0.2872, accuracy_val = 0.8828
2021-05-17 10:09:55,729: epoch : 4, loss_val : 0.2942, accuracy_val = 0.8801
2021-05-17 10:16:07,877: epoch : 5, loss_val : 0.3039, accuracy_val = 0.8795
2021-05-17 10:22:19,955: epoch : 6, loss_val : 0.3026, accuracy_val = 0.8838
2021-05-17 10:28:32,297: epoch : 7, loss_val : 0.3300, accuracy_val = 0.8834
2021-05-17 10:34:44,435: epoch : 8, loss_val : 0.3708, accuracy_val = 0.8769
2021-05-17 10:40:56,329: epoch : 9, loss_val : 0.3666, accuracy_val = 0.8791
2021-05-17 10:40:56,840: 

2021-05-17 10:40:56,853: Training with fold 2 started (train:140679, val:35210)
2021-05-17 10:47:15,787: epoch : 0, loss_val : 0.2366, accuracy_val = 0.8997
2021-05-17 10:53:27,930: epoch : 1, loss_val : 0.2542, accuracy_val = 0.8965
2021-05-17 10:59:39,907: epoch : 2, loss_val : 0.2526, accuracy_val = 0.8940
2021-05-17 11:05:53,298: epoch : 3, loss_val : 0.2693, accuracy_val = 0.8935
2021-05-17 11:12:05,870: epoch : 4, loss_val : 0.2698, accuracy_val = 0.8876
2021-05-17 11:18:17,055: epoch : 5, loss_val : 0.2680, accuracy_val = 0.8930
2021-05-17 11:24:28,029: epoch : 6, loss_val : 0.3053, accuracy_val = 0.8874
2021-05-17 11:30:40,106: epoch : 7, loss_val : 0.3214, accuracy_val = 0.8852
2021-05-17 11:36:51,051: epoch : 8, loss_val : 0.3330, accuracy_val = 0.8869
2021-05-17 11:43:02,094: epoch : 9, loss_val : 0.3518, accuracy_val = 0.8872
2021-05-17 11:43:03,008: 

2021-05-17 11:43:03,022: Training with fold 3 started (train:140715, val:35174)
2021-05-17 11:49:35,838: epoch : 0, loss_val : 0.3190, accuracy_val = 0.8720
2021-05-17 11:55:47,073: epoch : 1, loss_val : 0.2967, accuracy_val = 0.8759
2021-05-17 12:01:59,212: epoch : 2, loss_val : 0.3537, accuracy_val = 0.8623
2021-05-17 12:08:11,485: epoch : 3, loss_val : 0.3643, accuracy_val = 0.8630
2021-05-17 12:14:22,919: epoch : 4, loss_val : 0.4167, accuracy_val = 0.8607
2021-05-17 12:20:33,999: epoch : 5, loss_val : 0.4791, accuracy_val = 0.8644
2021-05-17 12:26:45,283: epoch : 6, loss_val : 0.4552, accuracy_val = 0.8619
2021-05-17 12:32:57,644: epoch : 7, loss_val : 0.4664, accuracy_val = 0.8642
2021-05-17 12:39:08,673: epoch : 8, loss_val : 0.5446, accuracy_val = 0.8580
2021-05-17 12:45:19,675: epoch : 9, loss_val : 0.5698, accuracy_val = 0.8605
2021-05-17 12:45:20,259: 

2021-05-17 12:45:20,273: Training with fold 4 started (train:140736, val:35153)
2021-05-17 12:51:39,159: epoch : 0, loss_val : 0.2835, accuracy_val = 0.8811
2021-05-17 12:57:51,171: epoch : 1, loss_val : 0.2636, accuracy_val = 0.8878
2021-05-17 13:04:02,533: epoch : 2, loss_val : 0.2806, accuracy_val = 0.8833
2021-05-17 13:10:14,837: epoch : 3, loss_val : 0.2948, accuracy_val = 0.8746
2021-05-17 13:16:27,160: epoch : 4, loss_val : 0.3061, accuracy_val = 0.8916
2021-05-17 13:22:39,133: epoch : 5, loss_val : 0.3344, accuracy_val = 0.8746
2021-05-17 13:28:50,280: epoch : 6, loss_val : 0.3247, accuracy_val = 0.8724
2021-05-17 13:35:01,302: epoch : 7, loss_val : 0.3505, accuracy_val = 0.8808
2021-05-17 13:41:13,425: epoch : 8, loss_val : 0.3752, accuracy_val = 0.8793
2021-05-17 13:47:24,969: epoch : 9, loss_val : 0.3861, accuracy_val = 0.8777
2021-05-17 13:47:25,555: 

2021-05-17 13:47:25,656: {'fold_num': 5, 'seed': 6, 'model_arch': 'eca_nfnet_l1', 'img_size_h': 256, 'img_size_w': 256, 'epochs': 10, 'min_epoch': 5, 'patience': 7, 'train_bs': 220, 'valid_bs': 220, 'T_0': 10, 'lr': 5e-05, 'min_lr': 1e-06, 'weight_decay': 0.0001, 'num_workers': 4, 'verbose_step': 1, 'device': 'cuda:0', 'transform_way': 'center', 'tta': 2, 'used_epochs': [8, 9], 'weights': [1, 1]}
2021-05-17 13:47:26,494: Training with fold 0 started (train:140713, val:35176)
