2021-05-13 16:21:04,562: {'fold_num': 5, 'seed': 6, 'model_arch': 'tf_efficientnet_b0', 'img_size_h': 128, 'img_size_w': 128, 'epochs': 10, 'train_bs': 256, 'valid_bs': 256, 'T_0': 10, 'lr': 0.0003, 'min_lr': 3e-06, 'weight_decay': 0.0001, 'num_workers': 4, 'verbose_step': 1, 'device': 'cuda:0', 'transform_way': 'center', 'tta': 5, 'used_epochs': [8, 9], 'weights': [1, 1]}
2021-05-13 16:22:40,488: {'fold_num': 5, 'seed': 6, 'model_arch': 'tf_efficientnet_b0', 'img_size_h': 128, 'img_size_w': 128, 'epochs': 10, 'train_bs': 256, 'valid_bs': 256, 'T_0': 10, 'lr': 0.0003, 'min_lr': 3e-06, 'weight_decay': 0.0001, 'num_workers': 4, 'verbose_step': 1, 'device': 'cuda:0', 'transform_way': 'center', 'tta': 5, 'used_epochs': [8, 9], 'weights': [1, 1]}
2021-05-13 16:28:30,276: {'fold_num': 5, 'seed': 6, 'model_arch': 'tf_efficientnet_b0', 'img_size_h': 128, 'img_size_w': 128, 'epochs': 10, 'train_bs': 256, 'valid_bs': 256, 'T_0': 10, 'lr': 0.0003, 'min_lr': 3e-06, 'weight_decay': 0.0001, 'num_workers': 4, 'verbose_step': 1, 'device': 'cuda:0', 'transform_way': 'center', 'tta': 5, 'used_epochs': [8, 9], 'weights': [1, 1]}
2021-05-13 16:28:32,675: Training with fold 0 started (train:140711, val:35178)
2021-05-13 16:30:31,361: {'fold_num': 5, 'seed': 6, 'model_arch': 'tf_efficientnet_b0', 'img_size_h': 128, 'img_size_w': 128, 'epochs': 10, 'min_epoch': 5, 'patience': 7, 'train_bs': 256, 'valid_bs': 256, 'T_0': 10, 'lr': 0.0003, 'min_lr': 3e-06, 'weight_decay': 0.0001, 'num_workers': 4, 'verbose_step': 1, 'device': 'cuda:0', 'transform_way': 'center', 'tta': 5, 'used_epochs': [8, 9], 'weights': [1, 1]}
2021-05-13 16:30:31,629: Training with fold 0 started (train:140711, val:35178)
2021-05-13 16:32:26,008: {'fold_num': 5, 'seed': 6, 'model_arch': 'tf_efficientnet_b0', 'img_size_h': 64, 'img_size_w': 64, 'epochs': 10, 'min_epoch': 5, 'patience': 7, 'train_bs': 1028, 'valid_bs': 1028, 'T_0': 10, 'lr': 0.0003, 'min_lr': 3e-06, 'weight_decay': 0.0001, 'num_workers': 4, 'verbose_step': 1, 'device': 'cuda:0', 'transform_way': 'center', 'tta': 5, 'used_epochs': [8, 9], 'weights': [1, 1]}
2021-05-13 16:32:26,686: Training with fold 0 started (train:140711, val:35178)
2021-05-13 16:34:59,161: {'fold_num': 5, 'seed': 6, 'model_arch': 'tf_efficientnet_b0', 'img_size_h': 128, 'img_size_w': 128, 'epochs': 10, 'min_epoch': 5, 'patience': 7, 'train_bs': 1028, 'valid_bs': 1028, 'T_0': 10, 'lr': 0.0003, 'min_lr': 3e-06, 'weight_decay': 0.0001, 'num_workers': 4, 'verbose_step': 1, 'device': 'cuda:0', 'transform_way': 'center', 'tta': 5, 'used_epochs': [8, 9], 'weights': [1, 1]}
2021-05-13 16:34:59,449: Training with fold 0 started (train:140711, val:35178)
2021-05-13 16:55:32,832: epoch : 0, loss_val : 0.3645, accuracy_val = 0.8663
2021-05-13 16:56:52,020: epoch : 1, loss_val : 0.2980, accuracy_val = 0.8778
2021-05-13 16:58:00,002: epoch : 2, loss_val : 0.2760, accuracy_val = 0.8844
2021-05-13 16:59:08,207: epoch : 3, loss_val : 0.2681, accuracy_val = 0.8882
2021-05-13 17:00:16,410: epoch : 4, loss_val : 0.2605, accuracy_val = 0.8918
2021-05-13 17:01:24,750: epoch : 5, loss_val : 0.2578, accuracy_val = 0.8929
2021-05-13 17:02:33,180: epoch : 6, loss_val : 0.2505, accuracy_val = 0.8963
2021-05-13 17:03:41,463: epoch : 7, loss_val : 0.2503, accuracy_val = 0.8971
2021-05-13 17:04:50,045: epoch : 8, loss_val : 0.2487, accuracy_val = 0.8979
2021-05-13 17:05:58,386: epoch : 9, loss_val : 0.2472, accuracy_val = 0.8980
2021-05-13 17:05:58,612: 

2021-05-13 19:44:12,553: {'fold_num': 5, 'seed': 6, 'model_arch': 'tf_efficientnet_b0', 'img_size_h': 128, 'img_size_w': 128, 'epochs': 10, 'min_epoch': 5, 'patience': 7, 'train_bs': 1028, 'valid_bs': 1028, 'T_0': 10, 'lr': 0.0003, 'min_lr': 3e-06, 'weight_decay': 0.0001, 'num_workers': 4, 'verbose_step': 1, 'device': 'cuda:0', 'transform_way': 'center', 'tta': 5, 'used_epochs': [8, 9], 'weights': [1, 1]}
2021-05-13 19:44:14,126: Training with fold 0 started (train:140711, val:35178)
2021-05-13 20:03:31,510: epoch : 0, loss_val : 0.3645, accuracy_val = 0.8663
2021-05-13 20:05:07,699: epoch : 1, loss_val : 0.2980, accuracy_val = 0.8778
2021-05-13 20:06:15,625: epoch : 2, loss_val : 0.2760, accuracy_val = 0.8844
2021-05-13 20:07:23,733: epoch : 3, loss_val : 0.2681, accuracy_val = 0.8882
2021-05-13 20:08:31,995: epoch : 4, loss_val : 0.2605, accuracy_val = 0.8918
2021-05-13 20:09:40,223: epoch : 5, loss_val : 0.2578, accuracy_val = 0.8929
2021-05-13 20:10:48,679: epoch : 6, loss_val : 0.2505, accuracy_val = 0.8963
2021-05-13 20:11:56,985: epoch : 7, loss_val : 0.2503, accuracy_val = 0.8971
2021-05-13 20:13:05,285: epoch : 8, loss_val : 0.2487, accuracy_val = 0.8979
2021-05-13 20:14:13,510: epoch : 9, loss_val : 0.2472, accuracy_val = 0.8980
2021-05-13 20:14:13,756: 

2021-05-13 20:14:13,757: Training with fold 1 started (train:140711, val:35178)
2021-05-13 20:15:22,465: epoch : 0, loss_val : 0.3665, accuracy_val = 0.8618
2021-05-13 20:16:30,666: epoch : 1, loss_val : 0.2934, accuracy_val = 0.8788
2021-05-13 20:17:38,819: epoch : 2, loss_val : 0.2733, accuracy_val = 0.8864
2021-05-13 20:18:47,084: epoch : 3, loss_val : 0.2605, accuracy_val = 0.8894
2021-05-13 20:19:55,785: epoch : 4, loss_val : 0.2541, accuracy_val = 0.8933
2021-05-13 20:21:04,221: epoch : 5, loss_val : 0.2492, accuracy_val = 0.8952
2021-05-13 20:22:12,359: epoch : 6, loss_val : 0.2445, accuracy_val = 0.8979
2021-05-13 20:23:20,616: epoch : 7, loss_val : 0.2419, accuracy_val = 0.8987
2021-05-13 20:24:28,791: epoch : 8, loss_val : 0.2409, accuracy_val = 0.8994
2021-05-13 20:25:37,131: epoch : 9, loss_val : 0.2399, accuracy_val = 0.8997
2021-05-13 20:25:37,536: 

2021-05-13 20:25:37,538: Training with fold 2 started (train:140711, val:35178)
2021-05-13 20:26:45,750: epoch : 0, loss_val : 0.3449, accuracy_val = 0.8614
2021-05-13 20:27:53,971: epoch : 1, loss_val : 0.2854, accuracy_val = 0.8821
2021-05-13 20:29:02,018: epoch : 2, loss_val : 0.2709, accuracy_val = 0.8887
2021-05-13 20:30:10,253: epoch : 3, loss_val : 0.2594, accuracy_val = 0.8927
2021-05-13 20:31:18,390: epoch : 4, loss_val : 0.2509, accuracy_val = 0.8965
2021-05-13 20:32:26,744: epoch : 5, loss_val : 0.2458, accuracy_val = 0.8980
2021-05-13 20:33:35,124: epoch : 6, loss_val : 0.2423, accuracy_val = 0.8991
2021-05-13 20:34:43,515: epoch : 7, loss_val : 0.2404, accuracy_val = 0.9004
2021-05-13 21:51:12,640: epoch : 8, loss_val : 0.2386, accuracy_val = 0.9014
2021-05-13 22:03:12,620: epoch : 9, loss_val : 0.2380, accuracy_val = 0.9014
2021-05-13 22:03:12,888: 

2021-05-13 22:03:12,890: Training with fold 3 started (train:140711, val:35178)
2021-05-13 22:04:21,533: epoch : 0, loss_val : 0.3458, accuracy_val = 0.8532
2021-05-13 22:05:29,710: epoch : 1, loss_val : 0.3010, accuracy_val = 0.8768
2021-05-13 22:06:37,947: epoch : 2, loss_val : 0.2769, accuracy_val = 0.8861
2021-05-13 22:07:46,107: epoch : 3, loss_val : 0.2598, accuracy_val = 0.8902
2021-05-13 22:08:54,347: epoch : 4, loss_val : 0.2576, accuracy_val = 0.8918
2021-05-13 22:10:02,611: epoch : 5, loss_val : 0.2502, accuracy_val = 0.8941
2021-05-13 22:11:10,871: epoch : 6, loss_val : 0.2440, accuracy_val = 0.8967
2021-05-13 22:12:19,126: epoch : 7, loss_val : 0.2419, accuracy_val = 0.8977
2021-05-13 22:13:27,440: epoch : 8, loss_val : 0.2399, accuracy_val = 0.8989
2021-05-13 22:14:35,691: epoch : 9, loss_val : 0.2393, accuracy_val = 0.8988
2021-05-13 22:14:35,959: 

2021-05-13 22:14:35,961: Training with fold 4 started (train:140712, val:35177)
2021-05-13 22:15:48,971: epoch : 0, loss_val : 0.3314, accuracy_val = 0.8638
2021-05-13 22:16:57,295: epoch : 1, loss_val : 0.2854, accuracy_val = 0.8813
2021-05-13 22:18:05,569: epoch : 2, loss_val : 0.2726, accuracy_val = 0.8871
2021-05-13 22:19:13,863: epoch : 3, loss_val : 0.2701, accuracy_val = 0.8903
2021-05-13 22:20:22,263: epoch : 4, loss_val : 0.2654, accuracy_val = 0.8940
2021-05-13 22:21:30,518: epoch : 5, loss_val : 0.2551, accuracy_val = 0.8966
2021-05-13 22:22:38,771: epoch : 6, loss_val : 0.2502, accuracy_val = 0.8989
2021-05-13 22:23:47,371: epoch : 7, loss_val : 0.2475, accuracy_val = 0.8997
2021-05-13 22:24:55,547: epoch : 8, loss_val : 0.2464, accuracy_val = 0.9005
2021-05-13 22:26:03,825: epoch : 9, loss_val : 0.2460, accuracy_val = 0.9010
2021-05-13 22:26:04,052: 

